[2021-08-10 16:45:25,321]-[INFO]-[log.py]-[info:44] 日志信息: username : None
[2021-08-10 16:45:25,321]-[INFO]-[log.py]-[info:44] 日志信息: password : None
[2021-08-10 16:46:01,184]-[INFO]-[log.py]-[info:44] 日志信息: username : 1
[2021-08-10 16:46:01,184]-[INFO]-[log.py]-[info:44] 日志信息: password : 1
[2021-08-10 16:59:04,376]-[INFO]-[log.py]-[info:44] 日志信息: username : 1
[2021-08-10 16:59:04,376]-[INFO]-[log.py]-[info:44] 日志信息: password : 1
[2021-08-10 17:18:54,188]-[INFO]-[log.py]-[info:44] 日志信息: username : test01
[2021-08-10 17:18:54,188]-[INFO]-[log.py]-[info:44] 日志信息: password : 123456
[2021-08-10 17:23:01,427]-[INFO]-[log.py]-[info:44] 日志信息: username : test01
[2021-08-10 17:23:01,427]-[INFO]-[log.py]-[info:44] 日志信息: password : 123456
[2021-08-10 17:23:03,045]-[INFO]-[log.py]-[info:44] 日志信息: username : test01
[2021-08-10 17:23:03,045]-[INFO]-[log.py]-[info:44] 日志信息: password : 123456
[2021-08-10 17:23:32,179]-[INFO]-[log.py]-[info:44] 日志信息: username : test01
[2021-08-10 17:23:32,179]-[INFO]-[log.py]-[info:44] 日志信息: password : 123456
[2021-08-10 17:23:40,637]-[INFO]-[log.py]-[info:44] 日志信息: username : test01
[2021-08-10 17:23:40,638]-[INFO]-[log.py]-[info:44] 日志信息: password : 123456
[2021-08-10 17:24:13,124]-[INFO]-[log.py]-[info:44] 日志信息: username : test01
[2021-08-10 17:24:13,124]-[INFO]-[log.py]-[info:44] 日志信息: password : 123456
[2021-08-10 17:26:58,056]-[INFO]-[log.py]-[info:44] 日志信息: username : test01
[2021-08-10 17:26:58,056]-[INFO]-[log.py]-[info:44] 日志信息: password : 123456
[2021-08-10 17:27:32,715]-[INFO]-[log.py]-[info:44] 日志信息: username : test01
[2021-08-10 17:27:32,715]-[INFO]-[log.py]-[info:44] 日志信息: password : 123456
[2021-08-10 17:27:34,220]-[INFO]-[log.py]-[info:44] 日志信息: username : test01
[2021-08-10 17:27:34,221]-[INFO]-[log.py]-[info:44] 日志信息: password : 123456
[2021-08-10 17:27:47,635]-[INFO]-[log.py]-[info:44] 日志信息: username : test01
[2021-08-10 17:27:47,636]-[INFO]-[log.py]-[info:44] 日志信息: password : 123456
[2021-08-10 17:28:53,570]-[INFO]-[log.py]-[info:44] 日志信息: username : test01
[2021-08-10 17:28:53,570]-[INFO]-[log.py]-[info:44] 日志信息: password : 123456
[2021-08-10 17:29:13,634]-[INFO]-[log.py]-[info:44] 日志信息: username : test01
[2021-08-10 17:29:14,930]-[INFO]-[log.py]-[info:44] 日志信息: password : 123456
[2021-08-10 17:31:32,828]-[INFO]-[log.py]-[info:44] 日志信息: username : test01
[2021-08-10 17:31:33,845]-[INFO]-[log.py]-[info:44] 日志信息: password : 123456
[2021-08-10 17:35:48,811]-[INFO]-[log.py]-[info:44] 日志信息: username : test01
[2021-08-10 17:35:48,812]-[INFO]-[log.py]-[info:44] 日志信息: password : 123456
[2021-08-10 17:39:58,291]-[INFO]-[log.py]-[info:44] 日志信息: username : test01
[2021-08-10 17:39:58,292]-[INFO]-[log.py]-[info:44] 日志信息: password : 123456
[2021-08-10 17:40:06,090]-[INFO]-[log.py]-[info:44] 日志信息: username : test01
[2021-08-10 17:40:06,091]-[INFO]-[log.py]-[info:44] 日志信息: password : 123456
